<?xml version="1.0" encoding="UTF-8"?>
<!-- Generated by org.testng.reporters.JUnitReportReporter -->
<testsuite skipped="0" hostname="johnson-optiplex-3050" name="executor.Executor" tests="1" failures="0" timestamp="12 Jun 2018 12:42:46 GMT" time="7.581" errors="0">
  <testcase name="checker" time="7.581" classname="executor.Executor"/>
</testsuite> <!-- executor.Executor -->
