<?xml version="1.0" encoding="UTF-8"?>
<!-- Generated by org.testng.reporters.JUnitReportReporter -->
<testsuite skipped="0" hostname="johnson-optiplex-3050" name="tests.Sanity" tests="3" failures="0" timestamp="12 Jun 2018 12:42:46 GMT" time="1.769" errors="0">
  <testcase name="enterTheUsername" time="1.613" classname="tests.Sanity"/>
  <testcase name="enterThePassword" time="0.088" classname="tests.Sanity"/>
  <testcase name="clickLogin" time="0.068" classname="tests.Sanity"/>
</testsuite> <!-- tests.Sanity -->
