<?xml version="1.0" encoding="UTF-8"?>
<!-- Generated by org.testng.reporters.JUnitReportReporter -->
<testsuite skipped="0" hostname="johnson-optiplex-3050" name="tests.Sanity" tests="4" failures="0" timestamp="11 Jun 2018 05:57:24 GMT" time="0.000" errors="0">
  <testcase name="div" time="0.000" classname="tests.Sanity"/>
  <testcase name="multi" time="0.000" classname="tests.Sanity"/>
  <testcase name="sub" time="0.000" classname="tests.Sanity"/>
  <testcase name="add" time="0.000" classname="tests.Sanity"/>
</testsuite> <!-- tests.Sanity -->
